Using pre-set license
Built from '2020.2/release' branch; Version is '2020.2.4f1 (becced5a802b) revision 12504301'; Using compiler version '192528614'; Build Type 'Release'
OS: 'Windows 10 Home Single Language; OS build 18363.1379; Version 1909; 64bit' Language: 'ru' Physical Memory: 8045 MB
BatchMode: 1, IsHumanControllingUs: 0, StartBugReporterOnCrash: 0, Is64bit: 1, IsPro: 0

 COMMAND LINE ARGUMENTS:
C:\Program Files\Unity\Hub\Editor\2020.2.4f1\Editor\Unity.exe
-adb2
-batchMode
-noUpm
-name
AssetImportWorker0
-projectPath
C:/Users/sanya/praktika 4
-logFile
Logs/AssetImportWorker0.log
-srvPort
55406
Successfully changed project path to: C:/Users/sanya/praktika 4
C:/Users/sanya/praktika 4
Using Asset Import Pipeline V2.
Refreshing native plugins compatible for Editor in 29.48 ms, found 0 plugins.
Preloading 0 native plugins for Editor in 0.00 ms.
Initialize engine version: 2020.2.4f1 (becced5a802b)
[Subsystems] Discovering subsystems at path C:/Program Files/Unity/Hub/Editor/2020.2.4f1/Editor/Data/Resources/UnitySubsystems
[Subsystems] Discovering subsystems at path C:/Users/sanya/praktika 4/Assets
GfxDevice: creating device client; threaded=0
Direct3D:
    Version:  Direct3D 11.0 [level 11.1]
    Renderer: Intel(R) UHD Graphics 620 (ID=0x5917)
    Vendor:   
    VRAM:     4022 MB
    Driver:   27.20.100.8682
Initialize mono
Mono path[0] = 'C:/Program Files/Unity/Hub/Editor/2020.2.4f1/Editor/Data/Managed'
Mono path[1] = 'C:/Program Files/Unity/Hub/Editor/2020.2.4f1/Editor/Data/MonoBleedingEdge/lib/mono/unityjit'
Mono config path = 'C:/Program Files/Unity/Hub/Editor/2020.2.4f1/Editor/Data/MonoBleedingEdge/etc'
Using monoOptions --debugger-agent=transport=dt_socket,embedding=1,server=y,suspend=n,address=127.0.0.1:56244
Begin MonoManager ReloadAssembly
Registering precompiled unity dll's ...
Register platform support module: C:/Program Files/Unity/Hub/Editor/2020.2.4f1/Editor/Data/PlaybackEngines/WindowsStandaloneSupport/UnityEditor.WindowsStandalone.Extensions.dll
Registered in 0.006716 seconds.
Native extension for WindowsStandalone target not found
Refreshing native plugins compatible for Editor in 26.25 ms, found 0 plugins.
Preloading 0 native plugins for Editor in 0.00 ms.
Invoked RoslynAnalysisRunner static constructor.
RoslynAnalysisRunner will not be running.
RoslynAnalysisRunner has terminated.
Mono: successfully reloaded assembly
- Completed reload, in  1.640 seconds
Platform modules already initialized, skipping
Registering precompiled user dll's ...
Registered in 0.002272 seconds.
Begin MonoManager ReloadAssembly
Native extension for WindowsStandalone target not found
Refreshing native plugins compatible for Editor in 0.29 ms, found 0 plugins.
Preloading 0 native plugins for Editor in 0.00 ms.
Invoked RoslynAnalysisRunner static constructor.
RoslynAnalysisRunner will not be running.
RoslynAnalysisRunner has terminated.
Mono: successfully reloaded assembly
- Completed reload, in  1.040 seconds
Platform modules already initialized, skipping
========================================================================
Worker process is ready to serve import requests
Launched and connected shader compiler UnityShaderCompiler.exe after 0.09 seconds
Refreshing native plugins compatible for Editor in 0.25 ms, found 0 plugins.
Preloading 0 native plugins for Editor in 0.00 ms.
Unloading 1104 Unused Serialized files (Serialized files now loaded: 0)
System memory in use before: 56.7 MB.
System memory in use after: 56.7 MB.

Unloading 10 unused Assets to reduce memory usage. Loaded Objects now: 1545.
Total: 2.302900 ms (FindLiveObjects: 0.243100 ms CreateObjectMapping: 0.058400 ms MarkObjects: 1.863200 ms  DeleteObjects: 0.136800 ms)

========================================================================
Received Import Request.
  path: Assets
  artifactKey: Guid(00000000000000001000000000000000) Importer(815301076,1909f56bfc062723c751e8b465ee728b)
Start importing Assets using Guid(00000000000000001000000000000000) Importer(815301076,1909f56bfc062723c751e8b465ee728b)  -> (artifact id: 'edc3feb264a98656617d3c2cb59c8f16') in 0.007802 seconds
  Import took 0.009822 seconds .

========================================================================
Received Import Request.
  Time since last request: 15.515407 seconds.
  path: Assets/New Physic Material.physicMaterial
  artifactKey: Guid(a18735de626a1e44a9672f8e06392573) Importer(815301076,1909f56bfc062723c751e8b465ee728b)
Start importing Assets/New Physic Material.physicMaterial using Guid(a18735de626a1e44a9672f8e06392573) Importer(815301076,1909f56bfc062723c751e8b465ee728b)  -> (artifact id: '915d6771d3fe07bf1bec2a9dd241c747') in 0.071655 seconds
  Import took 0.077843 seconds .

========================================================================
Received Prepare
Registering precompiled user dll's ...
Registered in 0.001619 seconds.
Begin MonoManager ReloadAssembly
Native extension for WindowsStandalone target not found
Refreshing native plugins compatible for Editor in 0.32 ms, found 0 plugins.
Preloading 0 native plugins for Editor in 0.00 ms.
Invoked RoslynAnalysisRunner static constructor.
RoslynAnalysisRunner will not be running.
RoslynAnalysisRunner has terminated.
Mono: successfully reloaded assembly
- Completed reload, in  1.187 seconds
Platform modules already initialized, skipping
Refreshing native plugins compatible for Editor in 0.35 ms, found 0 plugins.
Preloading 0 native plugins for Editor in 0.00 ms.
Unloading 1099 Unused Serialized files (Serialized files now loaded: 0)
System memory in use before: 56.7 MB.
System memory in use after: 56.7 MB.

Unloading 5 unused Assets to reduce memory usage. Loaded Objects now: 1547.
Total: 3.093400 ms (FindLiveObjects: 0.278600 ms CreateObjectMapping: 0.098900 ms MarkObjects: 2.565600 ms  DeleteObjects: 0.148700 ms)

========================================================================
Received Import Request.
  Time since last request: 251.907458 seconds.
  path: Assets/script lala.cs
  artifactKey: Guid(300fab79d2859b648be341346c0661c7) Importer(815301076,1909f56bfc062723c751e8b465ee728b)
Start importing Assets/script lala.cs using Guid(300fab79d2859b648be341346c0661c7) Importer(815301076,1909f56bfc062723c751e8b465ee728b)  -> (artifact id: '4eac427e1c0f3e9b8c4261b80f8c6ebb') in 0.051645 seconds
  Import took 0.055734 seconds .

========================================================================
Received Prepare
Registering precompiled user dll's ...
Registered in 0.001744 seconds.
Begin MonoManager ReloadAssembly
Native extension for WindowsStandalone target not found
Refreshing native plugins compatible for Editor in 0.27 ms, found 0 plugins.
Preloading 0 native plugins for Editor in 0.00 ms.
Invoked RoslynAnalysisRunner static constructor.
RoslynAnalysisRunner will not be running.
RoslynAnalysisRunner has terminated.
Mono: successfully reloaded assembly
- Completed reload, in  1.239 seconds
Platform modules already initialized, skipping
Refreshing native plugins compatible for Editor in 0.24 ms, found 0 plugins.
Preloading 0 native plugins for Editor in 0.00 ms.
Unloading 1100 Unused Serialized files (Serialized files now loaded: 0)
System memory in use before: 56.7 MB.
System memory in use after: 56.8 MB.

Unloading 5 unused Assets to reduce memory usage. Loaded Objects now: 1550.
Total: 2.123400 ms (FindLiveObjects: 0.157900 ms CreateObjectMapping: 0.038500 ms MarkObjects: 1.863500 ms  DeleteObjects: 0.062300 ms)

========================================================================
Received Import Request.
  Time since last request: 427.099377 seconds.
  path: Assets/script lala.cs
  artifactKey: Guid(300fab79d2859b648be341346c0661c7) Importer(815301076,1909f56bfc062723c751e8b465ee728b)
Start importing Assets/script lala.cs using Guid(300fab79d2859b648be341346c0661c7) Importer(815301076,1909f56bfc062723c751e8b465ee728b)  -> (artifact id: 'f3099c7831e1398871758566bca7c4e7') in 0.024152 seconds
  Import took 0.028656 seconds .

========================================================================
Received Import Request.
  Time since last request: 0.028940 seconds.
  path: Assets/script lala.cs
  artifactKey: Guid(300fab79d2859b648be341346c0661c7) Importer(815301076,1909f56bfc062723c751e8b465ee728b)
Start importing Assets/script lala.cs using Guid(300fab79d2859b648be341346c0661c7) Importer(815301076,1909f56bfc062723c751e8b465ee728b)  -> (artifact id: 'f3099c7831e1398871758566bca7c4e7') in 0.009767 seconds
  Import took 0.014089 seconds .

========================================================================
Received Prepare
Registering precompiled user dll's ...
Registered in 0.001605 seconds.
Begin MonoManager ReloadAssembly
Native extension for WindowsStandalone target not found
Refreshing native plugins compatible for Editor in 0.24 ms, found 0 plugins.
Preloading 0 native plugins for Editor in 0.00 ms.
Invoked RoslynAnalysisRunner static constructor.
RoslynAnalysisRunner will not be running.
RoslynAnalysisRunner has terminated.
Mono: successfully reloaded assembly
- Completed reload, in  1.001 seconds
Platform modules already initialized, skipping
Refreshing native plugins compatible for Editor in 0.31 ms, found 0 plugins.
Preloading 0 native plugins for Editor in 0.00 ms.
Unloading 1100 Unused Serialized files (Serialized files now loaded: 0)
System memory in use before: 56.7 MB.
System memory in use after: 56.8 MB.

Unloading 5 unused Assets to reduce memory usage. Loaded Objects now: 1552.
Total: 2.681200 ms (FindLiveObjects: 0.182000 ms CreateObjectMapping: 0.044900 ms MarkObjects: 2.355400 ms  DeleteObjects: 0.096200 ms)

========================================================================
Received Import Request.
  Time since last request: 160.538255 seconds.
  path: Assets/script lala.cs
  artifactKey: Guid(300fab79d2859b648be341346c0661c7) Importer(815301076,1909f56bfc062723c751e8b465ee728b)
Start importing Assets/script lala.cs using Guid(300fab79d2859b648be341346c0661c7) Importer(815301076,1909f56bfc062723c751e8b465ee728b)  -> (artifact id: 'a5ff1b1c395ee191f73d98f610412138') in 0.007933 seconds
  Import took 0.013115 seconds .

========================================================================
Received Import Request.
  Time since last request: 0.027211 seconds.
  path: Assets/script lala.cs
  artifactKey: Guid(300fab79d2859b648be341346c0661c7) Importer(815301076,1909f56bfc062723c751e8b465ee728b)
Start importing Assets/script lala.cs using Guid(300fab79d2859b648be341346c0661c7) Importer(815301076,1909f56bfc062723c751e8b465ee728b)  -> (artifact id: 'a5ff1b1c395ee191f73d98f610412138') in 0.008053 seconds
  Import took 0.010802 seconds .

========================================================================
Received Import Request.
  Time since last request: 30.987511 seconds.
  path: Assets/MyScript.cs
  artifactKey: Guid(300fab79d2859b648be341346c0661c7) Importer(815301076,1909f56bfc062723c751e8b465ee728b)
Start importing Assets/MyScript.cs using Guid(300fab79d2859b648be341346c0661c7) Importer(815301076,1909f56bfc062723c751e8b465ee728b)  -> (artifact id: '053ca6961908227fd621a3553f195926') in 0.009857 seconds
  Import took 0.013521 seconds .

========================================================================
Received Prepare
Registering precompiled user dll's ...
Registered in 0.001594 seconds.
Begin MonoManager ReloadAssembly
Native extension for WindowsStandalone target not found
Refreshing native plugins compatible for Editor in 0.22 ms, found 0 plugins.
Preloading 0 native plugins for Editor in 0.00 ms.
Invoked RoslynAnalysisRunner static constructor.
RoslynAnalysisRunner will not be running.
RoslynAnalysisRunner has terminated.
Mono: successfully reloaded assembly
- Completed reload, in  1.076 seconds
Platform modules already initialized, skipping
Refreshing native plugins compatible for Editor in 0.22 ms, found 0 plugins.
Preloading 0 native plugins for Editor in 0.00 ms.
Unloading 1100 Unused Serialized files (Serialized files now loaded: 0)
System memory in use before: 56.7 MB.
System memory in use after: 56.8 MB.

Unloading 5 unused Assets to reduce memory usage. Loaded Objects now: 1554.
Total: 1.853400 ms (FindLiveObjects: 0.146200 ms CreateObjectMapping: 0.033400 ms MarkObjects: 1.617200 ms  DeleteObjects: 0.055300 ms)

========================================================================
Received Prepare
Registering precompiled user dll's ...
Registered in 0.001506 seconds.
Begin MonoManager ReloadAssembly
Native extension for WindowsStandalone target not found
Refreshing native plugins compatible for Editor in 0.22 ms, found 0 plugins.
Preloading 0 native plugins for Editor in 0.00 ms.
Invoked RoslynAnalysisRunner static constructor.
RoslynAnalysisRunner will not be running.
RoslynAnalysisRunner has terminated.
Mono: successfully reloaded assembly
- Completed reload, in  0.998 seconds
Platform modules already initialized, skipping
Script error: OnTriggerEnter
This message parameter has to be of type: Collider
The message will be ignored.

Refreshing native plugins compatible for Editor in 0.29 ms, found 0 plugins.
Preloading 0 native plugins for Editor in 0.00 ms.
Unloading 1101 Unused Serialized files (Serialized files now loaded: 0)
System memory in use before: 56.9 MB.
System memory in use after: 57.0 MB.

Unloading 5 unused Assets to reduce memory usage. Loaded Objects now: 1557.
Total: 2.528500 ms (FindLiveObjects: 0.180500 ms CreateObjectMapping: 0.046200 ms MarkObjects: 2.221300 ms  DeleteObjects: 0.078800 ms)

========================================================================
Received Import Request.
  Time since last request: 22.491614 seconds.
  path: Assets/script lala.cs
  artifactKey: Guid(7d795735b763e984899303ce2822a7f4) Importer(815301076,1909f56bfc062723c751e8b465ee728b)
Start importing Assets/script lala.cs using Guid(7d795735b763e984899303ce2822a7f4) Importer(815301076,1909f56bfc062723c751e8b465ee728b)  -> (artifact id: '9ee71b931d2b657f4bce902c948b080f') in 0.011140 seconds
  Import took 0.016620 seconds .

========================================================================
Received Import Request.
  Time since last request: 0.024010 seconds.
  path: Assets/script lala.cs
  artifactKey: Guid(7d795735b763e984899303ce2822a7f4) Importer(815301076,1909f56bfc062723c751e8b465ee728b)
Start importing Assets/script lala.cs using Guid(7d795735b763e984899303ce2822a7f4) Importer(815301076,1909f56bfc062723c751e8b465ee728b)  -> (artifact id: '9ee71b931d2b657f4bce902c948b080f') in 0.007727 seconds
  Import took 0.010552 seconds .

========================================================================
Received Prepare
Registering precompiled user dll's ...
Registered in 0.001646 seconds.
Begin MonoManager ReloadAssembly
Native extension for WindowsStandalone target not found
Refreshing native plugins compatible for Editor in 0.42 ms, found 0 plugins.
Preloading 0 native plugins for Editor in 0.00 ms.
Invoked RoslynAnalysisRunner static constructor.
RoslynAnalysisRunner will not be running.
RoslynAnalysisRunner has terminated.
Mono: successfully reloaded assembly
- Completed reload, in  0.995 seconds
Platform modules already initialized, skipping
Refreshing native plugins compatible for Editor in 0.27 ms, found 0 plugins.
Preloading 0 native plugins for Editor in 0.00 ms.
Unloading 1100 Unused Serialized files (Serialized files now loaded: 0)
System memory in use before: 56.9 MB.
System memory in use after: 56.9 MB.

Unloading 6 unused Assets to reduce memory usage. Loaded Objects now: 1558.
Total: 3.514300 ms (FindLiveObjects: 0.212800 ms CreateObjectMapping: 0.046900 ms MarkObjects: 3.146100 ms  DeleteObjects: 0.107000 ms)

========================================================================
Received Prepare
Registering precompiled user dll's ...
Registered in 0.001566 seconds.
Begin MonoManager ReloadAssembly
Native extension for WindowsStandalone target not found
Refreshing native plugins compatible for Editor in 0.21 ms, found 0 plugins.
Preloading 0 native plugins for Editor in 0.00 ms.
Invoked RoslynAnalysisRunner static constructor.
RoslynAnalysisRunner will not be running.
RoslynAnalysisRunner has terminated.
Mono: successfully reloaded assembly
- Completed reload, in  1.006 seconds
Platform modules already initialized, skipping
Refreshing native plugins compatible for Editor in 0.21 ms, found 0 plugins.
Preloading 0 native plugins for Editor in 0.00 ms.
Unloading 1099 Unused Serialized files (Serialized files now loaded: 0)
System memory in use before: 56.9 MB.
System memory in use after: 56.9 MB.

Unloading 6 unused Assets to reduce memory usage. Loaded Objects now: 1559.
Total: 2.496100 ms (FindLiveObjects: 0.131000 ms CreateObjectMapping: 0.036400 ms MarkObjects: 2.227400 ms  DeleteObjects: 0.100100 ms)

========================================================================
Received Import Request.
  Time since last request: 53.108773 seconds.
  path: Assets/NewBehaviourScript.cs
  artifactKey: Guid(36ad38d5714795d4d902f3c8f85bd615) Importer(815301076,1909f56bfc062723c751e8b465ee728b)
Start importing Assets/NewBehaviourScript.cs using Guid(36ad38d5714795d4d902f3c8f85bd615) Importer(815301076,1909f56bfc062723c751e8b465ee728b)  -> (artifact id: '705bcac0d683cc7bdcea2aee618c8724') in 0.012719 seconds
  Import took 0.017550 seconds .

========================================================================
Received Import Request.
  Time since last request: 0.000758 seconds.
  path: Assets/NewBehaviourScript.cs
  artifactKey: Guid(36ad38d5714795d4d902f3c8f85bd615) Importer(815301076,1909f56bfc062723c751e8b465ee728b)
Start importing Assets/NewBehaviourScript.cs using Guid(36ad38d5714795d4d902f3c8f85bd615) Importer(815301076,1909f56bfc062723c751e8b465ee728b)  -> (artifact id: '705bcac0d683cc7bdcea2aee618c8724') in 0.008999 seconds
  Import took 0.011246 seconds .

========================================================================
Received Prepare
Registering precompiled user dll's ...
Registered in 0.001739 seconds.
Begin MonoManager ReloadAssembly
Native extension for WindowsStandalone target not found
Refreshing native plugins compatible for Editor in 0.26 ms, found 0 plugins.
Preloading 0 native plugins for Editor in 0.00 ms.
Invoked RoslynAnalysisRunner static constructor.
RoslynAnalysisRunner will not be running.
RoslynAnalysisRunner has terminated.
Mono: successfully reloaded assembly
- Completed reload, in  1.032 seconds
Platform modules already initialized, skipping
Refreshing native plugins compatible for Editor in 0.21 ms, found 0 plugins.
Preloading 0 native plugins for Editor in 0.00 ms.
Unloading 1100 Unused Serialized files (Serialized files now loaded: 0)
System memory in use before: 56.9 MB.
System memory in use after: 57.0 MB.

Unloading 5 unused Assets to reduce memory usage. Loaded Objects now: 1562.
Total: 2.216200 ms (FindLiveObjects: 0.278300 ms CreateObjectMapping: 0.117200 ms MarkObjects: 1.743300 ms  DeleteObjects: 0.076200 ms)

========================================================================
Received Prepare
Registering precompiled user dll's ...
Registered in 0.001450 seconds.
Begin MonoManager ReloadAssembly
Native extension for WindowsStandalone target not found
Refreshing native plugins compatible for Editor in 0.25 ms, found 0 plugins.
Preloading 0 native plugins for Editor in 0.00 ms.
Invoked RoslynAnalysisRunner static constructor.
RoslynAnalysisRunner will not be running.
RoslynAnalysisRunner has terminated.
Mono: successfully reloaded assembly
- Completed reload, in  1.022 seconds
Platform modules already initialized, skipping
Script error: OnTriggerEnter
This message parameter has to be of type: Collider
The message will be ignored.

Refreshing native plugins compatible for Editor in 0.47 ms, found 0 plugins.
Preloading 0 native plugins for Editor in 0.00 ms.
Unloading 1100 Unused Serialized files (Serialized files now loaded: 0)
System memory in use before: 56.9 MB.
System memory in use after: 57.0 MB.

Unloading 5 unused Assets to reduce memory usage. Loaded Objects now: 1564.
Total: 4.134300 ms (FindLiveObjects: 0.220500 ms CreateObjectMapping: 0.111800 ms MarkObjects: 3.720500 ms  DeleteObjects: 0.079700 ms)

========================================================================
Received Import Request.
  Time since last request: 35.145911 seconds.
  path: Assets/NewBehaviourScript.cs
  artifactKey: Guid(36ad38d5714795d4d902f3c8f85bd615) Importer(815301076,1909f56bfc062723c751e8b465ee728b)
Start importing Assets/NewBehaviourScript.cs using Guid(36ad38d5714795d4d902f3c8f85bd615) Importer(815301076,1909f56bfc062723c751e8b465ee728b)  -> (artifact id: '748978d46e9cf6502a5ace750670b8c4') in 0.011212 seconds
  Import took 0.016129 seconds .

========================================================================
Received Prepare
Registering precompiled user dll's ...
Registered in 0.003751 seconds.
Begin MonoManager ReloadAssembly
Native extension for WindowsStandalone target not found
Refreshing native plugins compatible for Editor in 0.36 ms, found 0 plugins.
Preloading 0 native plugins for Editor in 0.00 ms.
Invoked RoslynAnalysisRunner static constructor.
RoslynAnalysisRunner will not be running.
RoslynAnalysisRunner has terminated.
Mono: successfully reloaded assembly
- Completed reload, in  2.944 seconds
Platform modules already initialized, skipping
Script error: OnTriggerEnter
This message parameter has to be of type: Collider
The message will be ignored.

Refreshing native plugins compatible for Editor in 0.55 ms, found 0 plugins.
Preloading 0 native plugins for Editor in 0.00 ms.
Unloading 1100 Unused Serialized files (Serialized files now loaded: 0)
System memory in use before: 56.9 MB.
System memory in use after: 57.0 MB.

Unloading 5 unused Assets to reduce memory usage. Loaded Objects now: 1566.
Total: 4.458100 ms (FindLiveObjects: 0.206600 ms CreateObjectMapping: 0.059700 ms MarkObjects: 4.077100 ms  DeleteObjects: 0.112000 ms)

========================================================================
Received Prepare
Registering precompiled user dll's ...
Registered in 0.001674 seconds.
Begin MonoManager ReloadAssembly
Native extension for WindowsStandalone target not found
Refreshing native plugins compatible for Editor in 0.40 ms, found 0 plugins.
Preloading 0 native plugins for Editor in 0.00 ms.
Invoked RoslynAnalysisRunner static constructor.
RoslynAnalysisRunner will not be running.
RoslynAnalysisRunner has terminated.
Mono: successfully reloaded assembly
- Completed reload, in  1.749 seconds
Platform modules already initialized, skipping
Script error: OnTriggerEnter
This message parameter has to be of type: Collider
The message will be ignored.

Refreshing native plugins compatible for Editor in 0.27 ms, found 0 plugins.
Preloading 0 native plugins for Editor in 0.00 ms.
Unloading 1100 Unused Serialized files (Serialized files now loaded: 0)
System memory in use before: 56.9 MB.
System memory in use after: 57.0 MB.

Unloading 5 unused Assets to reduce memory usage. Loaded Objects now: 1568.
Total: 2.391100 ms (FindLiveObjects: 0.298500 ms CreateObjectMapping: 0.051900 ms MarkObjects: 1.945200 ms  DeleteObjects: 0.094400 ms)

========================================================================
Received Prepare
Registering precompiled user dll's ...
Registered in 0.003685 seconds.
Begin MonoManager ReloadAssembly
Native extension for WindowsStandalone target not found
Refreshing native plugins compatible for Editor in 0.69 ms, found 0 plugins.
Preloading 0 native plugins for Editor in 0.00 ms.
Invoked RoslynAnalysisRunner static constructor.
RoslynAnalysisRunner will not be running.
RoslynAnalysisRunner has terminated.
Mono: successfully reloaded assembly
- Completed reload, in  2.561 seconds
Platform modules already initialized, skipping
Script error: OnTriggerEnter
This message parameter has to be of type: Collider
The message will be ignored.

Refreshing native plugins compatible for Editor in 0.28 ms, found 0 plugins.
Preloading 0 native plugins for Editor in 0.00 ms.
Unloading 1100 Unused Serialized files (Serialized files now loaded: 0)
System memory in use before: 56.9 MB.
System memory in use after: 57.0 MB.

Unloading 5 unused Assets to reduce memory usage. Loaded Objects now: 1570.
Total: 4.792100 ms (FindLiveObjects: 0.581900 ms CreateObjectMapping: 0.210000 ms MarkObjects: 3.910600 ms  DeleteObjects: 0.085300 ms)

========================================================================
Received Import Request.
  Time since last request: 337.086144 seconds.
  path: Assets/NewBehaviourScript.cs
  artifactKey: Guid(36ad38d5714795d4d902f3c8f85bd615) Importer(815301076,1909f56bfc062723c751e8b465ee728b)
Start importing Assets/NewBehaviourScript.cs using Guid(36ad38d5714795d4d902f3c8f85bd615) Importer(815301076,1909f56bfc062723c751e8b465ee728b)  -> (artifact id: '2a8826710dd68ec7118e77aaf04bc6a4') in 0.010107 seconds
  Import took 0.015838 seconds .

========================================================================
Received Import Request.
  Time since last request: 0.001177 seconds.
  path: Assets/NewBehaviourScript.cs
  artifactKey: Guid(36ad38d5714795d4d902f3c8f85bd615) Importer(815301076,1909f56bfc062723c751e8b465ee728b)
Start importing Assets/NewBehaviourScript.cs using Guid(36ad38d5714795d4d902f3c8f85bd615) Importer(815301076,1909f56bfc062723c751e8b465ee728b)  -> (artifact id: '2a8826710dd68ec7118e77aaf04bc6a4') in 0.008238 seconds
  Import took 0.010738 seconds .

========================================================================
Received Prepare
Registering precompiled user dll's ...
Registered in 0.001458 seconds.
Begin MonoManager ReloadAssembly
Native extension for WindowsStandalone target not found
Refreshing native plugins compatible for Editor in 0.24 ms, found 0 plugins.
Preloading 0 native plugins for Editor in 0.00 ms.
Invoked RoslynAnalysisRunner static constructor.
RoslynAnalysisRunner will not be running.
RoslynAnalysisRunner has terminated.
Mono: successfully reloaded assembly
- Completed reload, in  1.081 seconds
Platform modules already initialized, skipping
Script error: OnTriggerEnter
This message parameter has to be of type: Collider
The message will be ignored.

Refreshing native plugins compatible for Editor in 0.22 ms, found 0 plugins.
Preloading 0 native plugins for Editor in 0.00 ms.
Unloading 1100 Unused Serialized files (Serialized files now loaded: 0)
System memory in use before: 56.9 MB.
System memory in use after: 57.0 MB.

Unloading 5 unused Assets to reduce memory usage. Loaded Objects now: 1572.
Total: 2.972300 ms (FindLiveObjects: 0.190100 ms CreateObjectMapping: 0.116500 ms MarkObjects: 2.575800 ms  DeleteObjects: 0.088400 ms)

========================================================================
Received Prepare
Registering precompiled user dll's ...
Registered in 0.001481 seconds.
Begin MonoManager ReloadAssembly
Native extension for WindowsStandalone target not found
Refreshing native plugins compatible for Editor in 0.22 ms, found 0 plugins.
Preloading 0 native plugins for Editor in 0.00 ms.
Invoked RoslynAnalysisRunner static constructor.
RoslynAnalysisRunner will not be running.
RoslynAnalysisRunner has terminated.
Mono: successfully reloaded assembly
- Completed reload, in  1.031 seconds
Platform modules already initialized, skipping
Script error: OnTriggerEnter
This message parameter has to be of type: Collider
The message will be ignored.

Refreshing native plugins compatible for Editor in 0.51 ms, found 0 plugins.
Preloading 0 native plugins for Editor in 0.00 ms.
Unloading 1100 Unused Serialized files (Serialized files now loaded: 0)
System memory in use before: 56.9 MB.
System memory in use after: 57.0 MB.

Unloading 5 unused Assets to reduce memory usage. Loaded Objects now: 1574.
Total: 2.406300 ms (FindLiveObjects: 0.173000 ms CreateObjectMapping: 0.052200 ms MarkObjects: 2.082100 ms  DeleteObjects: 0.097600 ms)

========================================================================
Received Prepare
Registering precompiled user dll's ...
Registered in 0.001554 seconds.
Begin MonoManager ReloadAssembly
Native extension for WindowsStandalone target not found
Refreshing native plugins compatible for Editor in 0.22 ms, found 0 plugins.
Preloading 0 native plugins for Editor in 0.00 ms.
Invoked RoslynAnalysisRunner static constructor.
RoslynAnalysisRunner will not be running.
RoslynAnalysisRunner has terminated.
Mono: successfully reloaded assembly
- Completed reload, in  1.159 seconds
Platform modules already initialized, skipping
Script error: OnTriggerEnter
This message parameter has to be of type: Collider
The message will be ignored.

Refreshing native plugins compatible for Editor in 0.21 ms, found 0 plugins.
Preloading 0 native plugins for Editor in 0.00 ms.
Unloading 1100 Unused Serialized files (Serialized files now loaded: 0)
System memory in use before: 56.9 MB.
System memory in use after: 57.0 MB.

Unloading 5 unused Assets to reduce memory usage. Loaded Objects now: 1576.
Total: 5.180700 ms (FindLiveObjects: 0.613600 ms CreateObjectMapping: 0.151100 ms MarkObjects: 4.268100 ms  DeleteObjects: 0.141500 ms)

========================================================================
Received Import Request.
  Time since last request: 261.793862 seconds.
  path: Assets/NewBehaviourScript.cs
  artifactKey: Guid(36ad38d5714795d4d902f3c8f85bd615) Importer(815301076,1909f56bfc062723c751e8b465ee728b)
Start importing Assets/NewBehaviourScript.cs using Guid(36ad38d5714795d4d902f3c8f85bd615) Importer(815301076,1909f56bfc062723c751e8b465ee728b)  -> (artifact id: '236a3a23f01129b9c5398378f6d53d84') in 0.010021 seconds
  Import took 0.015524 seconds .

========================================================================
Received Prepare
Registering precompiled user dll's ...
Registered in 0.002074 seconds.
Begin MonoManager ReloadAssembly
Native extension for WindowsStandalone target not found
Refreshing native plugins compatible for Editor in 0.28 ms, found 0 plugins.
Preloading 0 native plugins for Editor in 0.00 ms.
Invoked RoslynAnalysisRunner static constructor.
RoslynAnalysisRunner will not be running.
RoslynAnalysisRunner has terminated.
Mono: successfully reloaded assembly
- Completed reload, in  1.679 seconds
Platform modules already initialized, skipping
Script error: OnTriggerEnter
This message parameter has to be of type: Collider
The message will be ignored.

Refreshing native plugins compatible for Editor in 0.23 ms, found 0 plugins.
Preloading 0 native plugins for Editor in 0.00 ms.
Unloading 1100 Unused Serialized files (Serialized files now loaded: 0)
System memory in use before: 56.9 MB.
System memory in use after: 57.0 MB.

Unloading 5 unused Assets to reduce memory usage. Loaded Objects now: 1578.
Total: 1.967900 ms (FindLiveObjects: 0.174100 ms CreateObjectMapping: 0.036900 ms MarkObjects: 1.696300 ms  DeleteObjects: 0.059600 ms)

========================================================================
Received Import Request.
  Time since last request: 38.853105 seconds.
  path: Assets/NewBehaviourScript.cs
  artifactKey: Guid(36ad38d5714795d4d902f3c8f85bd615) Importer(815301076,1909f56bfc062723c751e8b465ee728b)
Start importing Assets/NewBehaviourScript.cs using Guid(36ad38d5714795d4d902f3c8f85bd615) Importer(815301076,1909f56bfc062723c751e8b465ee728b)  -> (artifact id: '528e65ed1068a9fb732189e71dcb2727') in 0.007420 seconds
  Import took 0.011765 seconds .

========================================================================
Received Prepare
Registering precompiled user dll's ...
Registered in 0.004261 seconds.
Begin MonoManager ReloadAssembly
Native extension for WindowsStandalone target not found
Refreshing native plugins compatible for Editor in 0.24 ms, found 0 plugins.
Preloading 0 native plugins for Editor in 0.00 ms.
Invoked RoslynAnalysisRunner static constructor.
RoslynAnalysisRunner will not be running.
RoslynAnalysisRunner has terminated.
Mono: successfully reloaded assembly
- Completed reload, in  1.340 seconds
Platform modules already initialized, skipping
Script error: OnTriggerEnter
This message parameter has to be of type: Collider
The message will be ignored.

Refreshing native plugins compatible for Editor in 0.24 ms, found 0 plugins.
Preloading 0 native plugins for Editor in 0.00 ms.
Unloading 1100 Unused Serialized files (Serialized files now loaded: 0)
System memory in use before: 56.9 MB.
System memory in use after: 57.0 MB.

Unloading 5 unused Assets to reduce memory usage. Loaded Objects now: 1580.
Total: 2.138700 ms (FindLiveObjects: 0.140500 ms CreateObjectMapping: 0.034600 ms MarkObjects: 1.896500 ms  DeleteObjects: 0.065600 ms)

========================================================================
Received Prepare
Registering precompiled user dll's ...
Registered in 0.001469 seconds.
Begin MonoManager ReloadAssembly
Native extension for WindowsStandalone target not found
Refreshing native plugins compatible for Editor in 0.26 ms, found 0 plugins.
Preloading 0 native plugins for Editor in 0.00 ms.
Invoked RoslynAnalysisRunner static constructor.
RoslynAnalysisRunner will not be running.
RoslynAnalysisRunner has terminated.
Mono: successfully reloaded assembly
- Completed reload, in  1.003 seconds
Platform modules already initialized, skipping
Script error: OnTriggerEnter
This message parameter has to be of type: Collider
The message will be ignored.

Refreshing native plugins compatible for Editor in 0.29 ms, found 0 plugins.
Preloading 0 native plugins for Editor in 0.00 ms.
Unloading 1100 Unused Serialized files (Serialized files now loaded: 0)
System memory in use before: 56.9 MB.
System memory in use after: 57.0 MB.

Unloading 5 unused Assets to reduce memory usage. Loaded Objects now: 1582.
Total: 2.808300 ms (FindLiveObjects: 0.153400 ms CreateObjectMapping: 0.031400 ms MarkObjects: 2.528600 ms  DeleteObjects: 0.094000 ms)

========================================================================
Received Prepare
Registering precompiled user dll's ...
Registered in 0.001525 seconds.
Begin MonoManager ReloadAssembly
Native extension for WindowsStandalone target not found
Refreshing native plugins compatible for Editor in 0.27 ms, found 0 plugins.
Preloading 0 native plugins for Editor in 0.00 ms.
Invoked RoslynAnalysisRunner static constructor.
RoslynAnalysisRunner will not be running.
RoslynAnalysisRunner has terminated.
Mono: successfully reloaded assembly
- Completed reload, in  1.055 seconds
Platform modules already initialized, skipping
Refreshing native plugins compatible for Editor in 0.24 ms, found 0 plugins.
Preloading 0 native plugins for Editor in 0.00 ms.
Unloading 1100 Unused Serialized files (Serialized files now loaded: 0)
System memory in use before: 56.9 MB.
System memory in use after: 57.0 MB.

Unloading 5 unused Assets to reduce memory usage. Loaded Objects now: 1584.
Total: 4.576800 ms (FindLiveObjects: 0.133000 ms CreateObjectMapping: 0.037200 ms MarkObjects: 4.275900 ms  DeleteObjects: 0.129200 ms)

========================================================================
Received Prepare
Registering precompiled user dll's ...
Registered in 0.003489 seconds.
Begin MonoManager ReloadAssembly
Native extension for WindowsStandalone target not found
Refreshing native plugins compatible for Editor in 0.52 ms, found 0 plugins.
Preloading 0 native plugins for Editor in 0.00 ms.
Invoked RoslynAnalysisRunner static constructor.
RoslynAnalysisRunner will not be running.
RoslynAnalysisRunner has terminated.
Mono: successfully reloaded assembly
- Completed reload, in  2.523 seconds
Platform modules already initialized, skipping
Refreshing native plugins compatible for Editor in 0.26 ms, found 0 plugins.
Preloading 0 native plugins for Editor in 0.00 ms.
Unloading 1100 Unused Serialized files (Serialized files now loaded: 0)
System memory in use before: 56.9 MB.
System memory in use after: 57.0 MB.

Unloading 5 unused Assets to reduce memory usage. Loaded Objects now: 1586.
Total: 2.142200 ms (FindLiveObjects: 0.144100 ms CreateObjectMapping: 0.036800 ms MarkObjects: 1.893400 ms  DeleteObjects: 0.066500 ms)

========================================================================
Received Prepare
Registering precompiled user dll's ...
Registered in 0.001564 seconds.
Begin MonoManager ReloadAssembly
Native extension for WindowsStandalone target not found
Refreshing native plugins compatible for Editor in 0.38 ms, found 0 plugins.
Preloading 0 native plugins for Editor in 0.00 ms.
Invoked RoslynAnalysisRunner static constructor.
RoslynAnalysisRunner will not be running.
RoslynAnalysisRunner has terminated.
Mono: successfully reloaded assembly
- Completed reload, in  1.012 seconds
Platform modules already initialized, skipping
Refreshing native plugins compatible for Editor in 0.23 ms, found 0 plugins.
Preloading 0 native plugins for Editor in 0.00 ms.
Unloading 1100 Unused Serialized files (Serialized files now loaded: 0)
System memory in use before: 57.0 MB.
System memory in use after: 57.0 MB.

Unloading 5 unused Assets to reduce memory usage. Loaded Objects now: 1588.
Total: 2.231300 ms (FindLiveObjects: 0.229200 ms CreateObjectMapping: 0.038200 ms MarkObjects: 1.900400 ms  DeleteObjects: 0.062100 ms)

========================================================================
Received Prepare
Registering precompiled user dll's ...
Registered in 0.001478 seconds.
Begin MonoManager ReloadAssembly
Native extension for WindowsStandalone target not found
Refreshing native plugins compatible for Editor in 0.25 ms, found 0 plugins.
Preloading 0 native plugins for Editor in 0.00 ms.
Invoked RoslynAnalysisRunner static constructor.
RoslynAnalysisRunner will not be running.
RoslynAnalysisRunner has terminated.
Mono: successfully reloaded assembly
- Completed reload, in  0.952 seconds
Platform modules already initialized, skipping
Refreshing native plugins compatible for Editor in 0.23 ms, found 0 plugins.
Preloading 0 native plugins for Editor in 0.00 ms.
Unloading 1100 Unused Serialized files (Serialized files now loaded: 0)
System memory in use before: 57.0 MB.
System memory in use after: 57.0 MB.

Unloading 5 unused Assets to reduce memory usage. Loaded Objects now: 1590.
Total: 2.125200 ms (FindLiveObjects: 0.220800 ms CreateObjectMapping: 0.053700 ms MarkObjects: 1.786100 ms  DeleteObjects: 0.063100 ms)

========================================================================
Received Import Request.
  Time since last request: 378.817746 seconds.
  path: ProjectSettings/TagManager.asset
  artifactKey: Guid(00000000000000003000000000000000) Importer(815301076,1909f56bfc062723c751e8b465ee728b)
Start importing ProjectSettings/TagManager.asset using Guid(00000000000000003000000000000000) Importer(815301076,1909f56bfc062723c751e8b465ee728b)  -> (artifact id: 'd7fc6db537de490c66388a0e179d6586') in 0.023219 seconds
  Import took 0.026739 seconds .

========================================================================
Received Prepare
Registering precompiled user dll's ...
Registered in 0.001865 seconds.
Begin MonoManager ReloadAssembly
Native extension for WindowsStandalone target not found
Refreshing native plugins compatible for Editor in 0.22 ms, found 0 plugins.
Preloading 0 native plugins for Editor in 0.00 ms.
Invoked RoslynAnalysisRunner static constructor.
RoslynAnalysisRunner will not be running.
RoslynAnalysisRunner has terminated.
Mono: successfully reloaded assembly
- Completed reload, in  1.036 seconds
Platform modules already initialized, skipping
Refreshing native plugins compatible for Editor in 0.22 ms, found 0 plugins.
Preloading 0 native plugins for Editor in 0.00 ms.
Unloading 1100 Unused Serialized files (Serialized files now loaded: 0)
System memory in use before: 57.0 MB.
System memory in use after: 57.0 MB.

Unloading 6 unused Assets to reduce memory usage. Loaded Objects now: 1592.
Total: 3.263700 ms (FindLiveObjects: 0.327800 ms CreateObjectMapping: 0.061200 ms MarkObjects: 2.806100 ms  DeleteObjects: 0.066700 ms)

========================================================================
Received Prepare
Registering precompiled user dll's ...
Registered in 0.003676 seconds.
Begin MonoManager ReloadAssembly
Native extension for WindowsStandalone target not found
Refreshing native plugins compatible for Editor in 0.59 ms, found 0 plugins.
Preloading 0 native plugins for Editor in 0.00 ms.
Invoked RoslynAnalysisRunner static constructor.
RoslynAnalysisRunner will not be running.
RoslynAnalysisRunner has terminated.
Mono: successfully reloaded assembly
- Completed reload, in  3.553 seconds
Platform modules already initialized, skipping
Refreshing native plugins compatible for Editor in 0.68 ms, found 0 plugins.
Preloading 0 native plugins for Editor in 0.00 ms.
Unloading 1100 Unused Serialized files (Serialized files now loaded: 0)
System memory in use before: 57.0 MB.
System memory in use after: 57.0 MB.

Unloading 5 unused Assets to reduce memory usage. Loaded Objects now: 1594.
Total: 7.252800 ms (FindLiveObjects: 0.621800 ms CreateObjectMapping: 0.235200 ms MarkObjects: 6.244300 ms  DeleteObjects: 0.147700 ms)

